<?xml version="1.0" encoding="UTF-8"?>
<coverage generated="1779883007206" clover="3.2.0">
  <project timestamp="1779883007206" name="All files">
    <metrics statements="56" coveredstatements="18" conditionals="24" coveredconditionals="11" methods="8" coveredmethods="1" elements="88" coveredelements="30" complexity="0" loc="56" ncloc="56" packages="2" files="2" classes="2"/>
    <package name="TRPZKS_Labs">
      <metrics statements="42" coveredstatements="11" conditionals="12" coveredconditionals="0" methods="7" coveredmethods="1"/>
      <file name="app.js" path="C:\Users\Dominola\Documents\TRPZKS_Labs\app.js">
        <metrics statements="42" coveredstatements="11" conditionals="12" coveredconditionals="0" methods="7" coveredmethods="1"/>
        <line num="1" count="1" type="stmt"/>
        <line num="2" count="1" type="stmt"/>
        <line num="4" count="1" type="stmt"/>
        <line num="6" count="1" type="stmt"/>
        <line num="8" count="1" type="stmt"/>
        <line num="9" count="0" type="stmt"/>
        <line num="19" count="1" type="stmt"/>
        <line num="21" count="1" type="stmt"/>
        <line num="22" count="0" type="stmt"/>
        <line num="23" count="0" type="stmt"/>
        <line num="24" count="0" type="stmt"/>
        <line num="26" count="0" type="stmt"/>
        <line num="30" count="1" type="stmt"/>
        <line num="31" count="0" type="stmt"/>
        <line num="32" count="0" type="stmt"/>
        <line num="34" count="0" type="cond" truecount="0" falsecount="4"/>
        <line num="35" count="0" type="stmt"/>
        <line num="37" count="0" type="stmt"/>
        <line num="38" count="0" type="stmt"/>
        <line num="41" count="0" type="stmt"/>
        <line num="44" count="0" type="stmt"/>
        <line num="45" count="0" type="stmt"/>
        <line num="47" count="0" type="stmt"/>
        <line num="51" count="1" type="stmt"/>
        <line num="52" count="0" type="stmt"/>
        <line num="53" count="0" type="stmt"/>
        <line num="55" count="0" type="stmt"/>
        <line num="60" count="0" type="cond" truecount="0" falsecount="2"/>
        <line num="61" count="0" type="stmt"/>
        <line num="64" count="0" type="stmt"/>
        <line num="65" count="0" type="stmt"/>
        <line num="67" count="0" type="stmt"/>
        <line num="71" count="1" type="stmt"/>
        <line num="72" count="0" type="stmt"/>
        <line num="73" count="0" type="stmt"/>
        <line num="75" count="0" type="cond" truecount="0" falsecount="4"/>
        <line num="76" count="0" type="stmt"/>
        <line num="81" count="0" type="stmt"/>
        <line num="86" count="0" type="stmt"/>
        <line num="88" count="0" type="stmt"/>
        <line num="90" count="0" type="stmt"/>
        <line num="94" count="1" type="stmt"/>
      </file>
    </package>
    <package name="TRPZKS_Labs.src">
      <metrics statements="14" coveredstatements="7" conditionals="12" coveredconditionals="11" methods="1" coveredmethods="0"/>
      <file name="database.js" path="C:\Users\Dominola\Documents\TRPZKS_Labs\src\database.js">
        <metrics statements="14" coveredstatements="7" conditionals="12" coveredconditionals="11" methods="1" coveredmethods="0"/>
        <line num="1" count="1" type="stmt"/>
        <line num="2" count="1" type="stmt"/>
        <line num="4" count="1" type="stmt"/>
        <line num="12" count="1" type="cond" truecount="2" falsecount="0"/>
        <line num="13" count="1" type="cond" truecount="1" falsecount="1"/>
        <line num="14" count="0" type="stmt"/>
        <line num="15" count="0" type="stmt"/>
        <line num="18" count="1" type="stmt"/>
        <line num="21" count="0" type="stmt"/>
        <line num="22" count="0" type="stmt"/>
        <line num="23" count="0" type="stmt"/>
        <line num="32" count="0" type="stmt"/>
        <line num="34" count="0" type="stmt"/>
        <line num="38" count="1" type="stmt"/>
      </file>
    </package>
  </project>
</coverage>
