{"C:\\Users\\Dominola\\Documents\\TRPZKS_Labs\\app.js": {"path":"C:\\Users\\Dominola\\Documents\\TRPZKS_Labs\\app.js","statementMap":{"0":{"start":{"line":1,"column":16},"end":{"line":1,"column":34}},"1":{"start":{"line":2,"column":32},"end":{"line":2,"column":57}},"2":{"start":{"line":4,"column":12},"end":{"line":4,"column":21}},"3":{"start":{"line":5,"column":0},"end":{"line":5,"column":24}},"4":{"start":{"line":7,"column":0},"end":{"line":16,"column":3}},"5":{"start":{"line":8,"column":2},"end":{"line":15,"column":5}},"6":{"start":{"line":18,"column":0},"end":{"line":20,"column":3}},"7":{"start":{"line":19,"column":2},"end":{"line":19,"column":29}},"8":{"start":{"line":22,"column":0},"end":{"line":29,"column":3}},"9":{"start":{"line":23,"column":2},"end":{"line":28,"column":3}},"10":{"start":{"line":24,"column":4},"end":{"line":24,"column":33}},"11":{"start":{"line":25,"column":4},"end":{"line":25,"column":31}},"12":{"start":{"line":27,"column":4},"end":{"line":27,"column":41}},"13":{"start":{"line":31,"column":0},"end":{"line":41,"column":3}},"14":{"start":{"line":32,"column":2},"end":{"line":40,"column":3}},"15":{"start":{"line":33,"column":19},"end":{"line":35,"column":5}},"16":{"start":{"line":37,"column":4},"end":{"line":37,"column":26}},"17":{"start":{"line":39,"column":4},"end":{"line":39,"column":38}},"18":{"start":{"line":43,"column":0},"end":{"line":60,"column":3}},"19":{"start":{"line":44,"column":2},"end":{"line":59,"column":3}},"20":{"start":{"line":45,"column":19},"end":{"line":45,"column":29}},"21":{"start":{"line":47,"column":19},"end":{"line":50,"column":5}},"22":{"start":{"line":52,"column":4},"end":{"line":54,"column":5}},"23":{"start":{"line":53,"column":6},"end":{"line":53,"column":47}},"24":{"start":{"line":56,"column":4},"end":{"line":56,"column":29}},"25":{"start":{"line":58,"column":4},"end":{"line":58,"column":38}},"26":{"start":{"line":62,"column":0},"end":{"line":79,"column":3}},"27":{"start":{"line":63,"column":2},"end":{"line":78,"column":3}},"28":{"start":{"line":64,"column":31},"end":{"line":64,"column":39}},"29":{"start":{"line":66,"column":4},"end":{"line":68,"column":5}},"30":{"start":{"line":67,"column":6},"end":{"line":67,"column":50}},"31":{"start":{"line":70,"column":19},"end":{"line":73,"column":5}},"32":{"start":{"line":75,"column":4},"end":{"line":75,"column":41}},"33":{"start":{"line":77,"column":4},"end":{"line":77,"column":38}},"34":{"start":{"line":81,"column":0},"end":{"line":81,"column":46}}},"fnMap":{"0":{"name":"(anonymous_0)","decl":{"start":{"line":7,"column":13},"end":{"line":7,"column":14}},"loc":{"start":{"line":7,"column":27},"end":{"line":16,"column":1}},"line":7},"1":{"name":"(anonymous_1)","decl":{"start":{"line":18,"column":25},"end":{"line":18,"column":26}},"loc":{"start":{"line":18,"column":39},"end":{"line":20,"column":1}},"line":18},"2":{"name":"(anonymous_2)","decl":{"start":{"line":22,"column":25},"end":{"line":22,"column":26}},"loc":{"start":{"line":22,"column":45},"end":{"line":29,"column":1}},"line":22},"3":{"name":"(anonymous_3)","decl":{"start":{"line":31,"column":18},"end":{"line":31,"column":19}},"loc":{"start":{"line":31,"column":38},"end":{"line":41,"column":1}},"line":31},"4":{"name":"(anonymous_4)","decl":{"start":{"line":43,"column":22},"end":{"line":43,"column":23}},"loc":{"start":{"line":43,"column":42},"end":{"line":60,"column":1}},"line":43},"5":{"name":"(anonymous_5)","decl":{"start":{"line":62,"column":19},"end":{"line":62,"column":20}},"loc":{"start":{"line":62,"column":39},"end":{"line":79,"column":1}},"line":62}},"branchMap":{"0":{"loc":{"start":{"line":52,"column":4},"end":{"line":54,"column":5}},"type":"if","locations":[{"start":{"line":52,"column":4},"end":{"line":54,"column":5}},{"start":{},"end":{}}],"line":52},"1":{"loc":{"start":{"line":66,"column":4},"end":{"line":68,"column":5}},"type":"if","locations":[{"start":{"line":66,"column":4},"end":{"line":68,"column":5}},{"start":{},"end":{}}],"line":66},"2":{"loc":{"start":{"line":66,"column":8},"end":{"line":66,"column":35}},"type":"binary-expr","locations":[{"start":{"line":66,"column":8},"end":{"line":66,"column":13}},{"start":{"line":66,"column":17},"end":{"line":66,"column":35}}],"line":66},"3":{"loc":{"start":{"line":72,"column":20},"end":{"line":72,"column":33}},"type":"binary-expr","locations":[{"start":{"line":72,"column":20},"end":{"line":72,"column":28}},{"start":{"line":72,"column":32},"end":{"line":72,"column":33}}],"line":72}},"s":{"0":1,"1":1,"2":1,"3":1,"4":1,"5":0,"6":1,"7":1,"8":1,"9":1,"10":1,"11":1,"12":0,"13":1,"14":1,"15":1,"16":1,"17":0,"18":1,"19":1,"20":1,"21":1,"22":1,"23":0,"24":1,"25":0,"26":1,"27":1,"28":1,"29":1,"30":0,"31":1,"32":1,"33":0,"34":1},"f":{"0":0,"1":1,"2":1,"3":1,"4":1,"5":1},"b":{"0":[0,1],"1":[0,1],"2":[1,1],"3":[1,0]},"_coverageSchema":"1a1c01bbd47fc00a2c39e90264f33305004495a9","hash":"65f66435ce456c085bf66bec2f03bf0c77de245d"}
,"C:\\Users\\Dominola\\Documents\\TRPZKS_Labs\\src\\database.js": {"path":"C:\\Users\\Dominola\\Documents\\TRPZKS_Labs\\src\\database.js","statementMap":{"0":{"start":{"line":1,"column":17},"end":{"line":1,"column":30}},"1":{"start":{"line":2,"column":0},"end":{"line":2,"column":27}},"2":{"start":{"line":4,"column":13},"end":{"line":10,"column":2}},"3":{"start":{"line":12,"column":0},"end":{"line":12,"column":104}},"4":{"start":{"line":16,"column":2},"end":{"line":34,"column":3}},"5":{"start":{"line":17,"column":4},"end":{"line":17,"column":34}},"6":{"start":{"line":18,"column":4},"end":{"line":24,"column":7}},"7":{"start":{"line":25,"column":4},"end":{"line":25,"column":39}},"8":{"start":{"line":27,"column":4},"end":{"line":27,"column":39}},"9":{"start":{"line":28,"column":4},"end":{"line":28,"column":48}},"10":{"start":{"line":29,"column":4},"end":{"line":29,"column":56}},"11":{"start":{"line":30,"column":4},"end":{"line":30,"column":45}},"12":{"start":{"line":31,"column":4},"end":{"line":31,"column":14}},"13":{"start":{"line":33,"column":4},"end":{"line":33,"column":33}},"14":{"start":{"line":33,"column":16},"end":{"line":33,"column":33}},"15":{"start":{"line":37,"column":0},"end":{"line":37,"column":41}}},"fnMap":{"0":{"name":"runMigrations","decl":{"start":{"line":14,"column":15},"end":{"line":14,"column":28}},"loc":{"start":{"line":14,"column":31},"end":{"line":35,"column":1}},"line":14}},"branchMap":{"0":{"loc":{"start":{"line":5,"column":8},"end":{"line":5,"column":67}},"type":"cond-expr","locations":[{"start":{"line":5,"column":30},"end":{"line":5,"column":56}},{"start":{"line":5,"column":59},"end":{"line":5,"column":67}}],"line":5},"1":{"loc":{"start":{"line":6,"column":8},"end":{"line":6,"column":70}},"type":"cond-expr","locations":[{"start":{"line":6,"column":30},"end":{"line":6,"column":56}},{"start":{"line":6,"column":59},"end":{"line":6,"column":70}}],"line":6},"2":{"loc":{"start":{"line":7,"column":12},"end":{"line":7,"column":74}},"type":"cond-expr","locations":[{"start":{"line":7,"column":34},"end":{"line":7,"column":60}},{"start":{"line":7,"column":63},"end":{"line":7,"column":74}}],"line":7},"3":{"loc":{"start":{"line":8,"column":12},"end":{"line":8,"column":94}},"type":"cond-expr","locations":[{"start":{"line":8,"column":38},"end":{"line":8,"column":76}},{"start":{"line":8,"column":79},"end":{"line":8,"column":94}}],"line":8},"4":{"loc":{"start":{"line":9,"column":17},"end":{"line":9,"column":46}},"type":"binary-expr","locations":[{"start":{"line":9,"column":17},"end":{"line":9,"column":36}},{"start":{"line":9,"column":40},"end":{"line":9,"column":46}}],"line":9},"5":{"loc":{"start":{"line":33,"column":4},"end":{"line":33,"column":33}},"type":"if","locations":[{"start":{"line":33,"column":4},"end":{"line":33,"column":33}},{"start":{},"end":{}}],"line":33}},"s":{"0":1,"1":1,"2":1,"3":1,"4":1,"5":1,"6":1,"7":1,"8":0,"9":0,"10":0,"11":0,"12":0,"13":1,"14":1,"15":1},"f":{"0":1},"b":{"0":[1,0],"1":[1,0],"2":[1,0],"3":[1,0],"4":[1,0],"5":[1,0]},"_coverageSchema":"1a1c01bbd47fc00a2c39e90264f33305004495a9","hash":"db95b2800f46d5cc4335a8e6900de0fe8f3cf447"}
}
