{"C:\\Users\\Dominola\\Documents\\TRPZKS_Labs\\app.js": {"path":"C:\\Users\\Dominola\\Documents\\TRPZKS_Labs\\app.js","statementMap":{"0":{"start":{"line":1,"column":16},"end":{"line":1,"column":34}},"1":{"start":{"line":2,"column":32},"end":{"line":2,"column":57}},"2":{"start":{"line":4,"column":12},"end":{"line":4,"column":21}},"3":{"start":{"line":5,"column":0},"end":{"line":5,"column":24}},"4":{"start":{"line":7,"column":0},"end":{"line":16,"column":3}},"5":{"start":{"line":8,"column":2},"end":{"line":15,"column":5}},"6":{"start":{"line":18,"column":0},"end":{"line":20,"column":3}},"7":{"start":{"line":19,"column":2},"end":{"line":19,"column":29}},"8":{"start":{"line":22,"column":0},"end":{"line":30,"column":3}},"9":{"start":{"line":23,"column":2},"end":{"line":29,"column":3}},"10":{"start":{"line":24,"column":4},"end":{"line":24,"column":33}},"11":{"start":{"line":25,"column":4},"end":{"line":25,"column":31}},"12":{"start":{"line":27,"column":4},"end":{"line":27,"column":41}},"13":{"start":{"line":28,"column":4},"end":{"line":28,"column":23}},"14":{"start":{"line":32,"column":0},"end":{"line":43,"column":3}},"15":{"start":{"line":33,"column":2},"end":{"line":42,"column":3}},"16":{"start":{"line":34,"column":19},"end":{"line":36,"column":5}},"17":{"start":{"line":38,"column":4},"end":{"line":38,"column":26}},"18":{"start":{"line":40,"column":4},"end":{"line":40,"column":38}},"19":{"start":{"line":41,"column":4},"end":{"line":41,"column":23}},"20":{"start":{"line":45,"column":0},"end":{"line":63,"column":3}},"21":{"start":{"line":46,"column":2},"end":{"line":62,"column":3}},"22":{"start":{"line":47,"column":19},"end":{"line":47,"column":29}},"23":{"start":{"line":49,"column":19},"end":{"line":52,"column":5}},"24":{"start":{"line":54,"column":4},"end":{"line":56,"column":5}},"25":{"start":{"line":55,"column":6},"end":{"line":55,"column":47}},"26":{"start":{"line":58,"column":4},"end":{"line":58,"column":29}},"27":{"start":{"line":60,"column":4},"end":{"line":60,"column":38}},"28":{"start":{"line":61,"column":4},"end":{"line":61,"column":23}},"29":{"start":{"line":65,"column":0},"end":{"line":83,"column":3}},"30":{"start":{"line":66,"column":2},"end":{"line":82,"column":3}},"31":{"start":{"line":67,"column":31},"end":{"line":67,"column":39}},"32":{"start":{"line":69,"column":4},"end":{"line":71,"column":5}},"33":{"start":{"line":70,"column":6},"end":{"line":70,"column":50}},"34":{"start":{"line":73,"column":19},"end":{"line":76,"column":5}},"35":{"start":{"line":78,"column":4},"end":{"line":78,"column":41}},"36":{"start":{"line":80,"column":4},"end":{"line":80,"column":38}},"37":{"start":{"line":81,"column":4},"end":{"line":81,"column":23}},"38":{"start":{"line":85,"column":0},"end":{"line":85,"column":46}}},"fnMap":{"0":{"name":"(anonymous_0)","decl":{"start":{"line":7,"column":13},"end":{"line":7,"column":14}},"loc":{"start":{"line":7,"column":27},"end":{"line":16,"column":1}},"line":7},"1":{"name":"(anonymous_1)","decl":{"start":{"line":18,"column":25},"end":{"line":18,"column":26}},"loc":{"start":{"line":18,"column":39},"end":{"line":20,"column":1}},"line":18},"2":{"name":"(anonymous_2)","decl":{"start":{"line":22,"column":25},"end":{"line":22,"column":26}},"loc":{"start":{"line":22,"column":45},"end":{"line":30,"column":1}},"line":22},"3":{"name":"(anonymous_3)","decl":{"start":{"line":32,"column":18},"end":{"line":32,"column":19}},"loc":{"start":{"line":32,"column":38},"end":{"line":43,"column":1}},"line":32},"4":{"name":"(anonymous_4)","decl":{"start":{"line":45,"column":22},"end":{"line":45,"column":23}},"loc":{"start":{"line":45,"column":42},"end":{"line":63,"column":1}},"line":45},"5":{"name":"(anonymous_5)","decl":{"start":{"line":65,"column":19},"end":{"line":65,"column":20}},"loc":{"start":{"line":65,"column":39},"end":{"line":83,"column":1}},"line":65}},"branchMap":{"0":{"loc":{"start":{"line":54,"column":4},"end":{"line":56,"column":5}},"type":"if","locations":[{"start":{"line":54,"column":4},"end":{"line":56,"column":5}},{"start":{},"end":{}}],"line":54},"1":{"loc":{"start":{"line":69,"column":4},"end":{"line":71,"column":5}},"type":"if","locations":[{"start":{"line":69,"column":4},"end":{"line":71,"column":5}},{"start":{},"end":{}}],"line":69},"2":{"loc":{"start":{"line":69,"column":8},"end":{"line":69,"column":35}},"type":"binary-expr","locations":[{"start":{"line":69,"column":8},"end":{"line":69,"column":13}},{"start":{"line":69,"column":17},"end":{"line":69,"column":35}}],"line":69},"3":{"loc":{"start":{"line":75,"column":20},"end":{"line":75,"column":33}},"type":"binary-expr","locations":[{"start":{"line":75,"column":20},"end":{"line":75,"column":28}},{"start":{"line":75,"column":32},"end":{"line":75,"column":33}}],"line":75}},"s":{"0":1,"1":1,"2":1,"3":1,"4":1,"5":0,"6":1,"7":1,"8":1,"9":1,"10":1,"11":1,"12":0,"13":0,"14":1,"15":1,"16":1,"17":1,"18":0,"19":0,"20":1,"21":1,"22":1,"23":1,"24":1,"25":0,"26":1,"27":0,"28":0,"29":1,"30":1,"31":1,"32":1,"33":0,"34":1,"35":1,"36":0,"37":0,"38":1},"f":{"0":0,"1":1,"2":1,"3":1,"4":1,"5":1},"b":{"0":[0,1],"1":[0,1],"2":[1,1],"3":[1,0]},"_coverageSchema":"1a1c01bbd47fc00a2c39e90264f33305004495a9","hash":"2b2465591d543d93408f369bcc30366317b34e72"}
,"C:\\Users\\Dominola\\Documents\\TRPZKS_Labs\\src\\database.js": {"path":"C:\\Users\\Dominola\\Documents\\TRPZKS_Labs\\src\\database.js","statementMap":{"0":{"start":{"line":1,"column":17},"end":{"line":1,"column":30}},"1":{"start":{"line":2,"column":0},"end":{"line":2,"column":27}},"2":{"start":{"line":4,"column":13},"end":{"line":10,"column":2}},"3":{"start":{"line":12,"column":0},"end":{"line":14,"column":2}},"4":{"start":{"line":18,"column":2},"end":{"line":36,"column":3}},"5":{"start":{"line":19,"column":4},"end":{"line":19,"column":34}},"6":{"start":{"line":20,"column":4},"end":{"line":26,"column":7}},"7":{"start":{"line":27,"column":4},"end":{"line":27,"column":39}},"8":{"start":{"line":29,"column":4},"end":{"line":29,"column":39}},"9":{"start":{"line":30,"column":4},"end":{"line":30,"column":48}},"10":{"start":{"line":31,"column":4},"end":{"line":31,"column":56}},"11":{"start":{"line":32,"column":4},"end":{"line":32,"column":45}},"12":{"start":{"line":33,"column":4},"end":{"line":33,"column":14}},"13":{"start":{"line":35,"column":4},"end":{"line":35,"column":33}},"14":{"start":{"line":35,"column":16},"end":{"line":35,"column":33}},"15":{"start":{"line":39,"column":0},"end":{"line":39,"column":41}}},"fnMap":{"0":{"name":"runMigrations","decl":{"start":{"line":16,"column":15},"end":{"line":16,"column":28}},"loc":{"start":{"line":16,"column":31},"end":{"line":37,"column":1}},"line":16}},"branchMap":{"0":{"loc":{"start":{"line":5,"column":8},"end":{"line":5,"column":67}},"type":"cond-expr","locations":[{"start":{"line":5,"column":30},"end":{"line":5,"column":56}},{"start":{"line":5,"column":59},"end":{"line":5,"column":67}}],"line":5},"1":{"loc":{"start":{"line":6,"column":8},"end":{"line":6,"column":70}},"type":"cond-expr","locations":[{"start":{"line":6,"column":30},"end":{"line":6,"column":56}},{"start":{"line":6,"column":59},"end":{"line":6,"column":70}}],"line":6},"2":{"loc":{"start":{"line":7,"column":12},"end":{"line":7,"column":74}},"type":"cond-expr","locations":[{"start":{"line":7,"column":34},"end":{"line":7,"column":60}},{"start":{"line":7,"column":63},"end":{"line":7,"column":74}}],"line":7},"3":{"loc":{"start":{"line":8,"column":12},"end":{"line":8,"column":94}},"type":"cond-expr","locations":[{"start":{"line":8,"column":38},"end":{"line":8,"column":76}},{"start":{"line":8,"column":79},"end":{"line":8,"column":94}}],"line":8},"4":{"loc":{"start":{"line":9,"column":17},"end":{"line":9,"column":46}},"type":"binary-expr","locations":[{"start":{"line":9,"column":17},"end":{"line":9,"column":36}},{"start":{"line":9,"column":40},"end":{"line":9,"column":46}}],"line":9},"5":{"loc":{"start":{"line":13,"column":33},"end":{"line":13,"column":67}},"type":"binary-expr","locations":[{"start":{"line":13,"column":33},"end":{"line":13,"column":52}},{"start":{"line":13,"column":56},"end":{"line":13,"column":67}}],"line":13},"6":{"loc":{"start":{"line":13,"column":79},"end":{"line":13,"column":113}},"type":"binary-expr","locations":[{"start":{"line":13,"column":79},"end":{"line":13,"column":98}},{"start":{"line":13,"column":102},"end":{"line":13,"column":113}}],"line":13},"7":{"loc":{"start":{"line":35,"column":4},"end":{"line":35,"column":33}},"type":"if","locations":[{"start":{"line":35,"column":4},"end":{"line":35,"column":33}},{"start":{},"end":{}}],"line":35}},"s":{"0":1,"1":1,"2":1,"3":1,"4":1,"5":1,"6":1,"7":1,"8":0,"9":0,"10":0,"11":0,"12":0,"13":1,"14":1,"15":1},"f":{"0":1},"b":{"0":[1,0],"1":[1,0],"2":[1,0],"3":[1,0],"4":[1,0],"5":[1,0],"6":[1,0],"7":[1,0]},"_coverageSchema":"1a1c01bbd47fc00a2c39e90264f33305004495a9","hash":"8a072314d49ff7ceb5d1876e19900a675d7f37ba"}
}
