TN:
SF:app.js
FN:7,(anonymous_0)
FN:18,(anonymous_1)
FN:22,(anonymous_2)
FN:31,(anonymous_3)
FN:43,(anonymous_4)
FN:62,(anonymous_5)
FNF:6
FNH:5
FNDA:0,(anonymous_0)
FNDA:1,(anonymous_1)
FNDA:1,(anonymous_2)
FNDA:1,(anonymous_3)
FNDA:1,(anonymous_4)
FNDA:1,(anonymous_5)
DA:1,1
DA:2,1
DA:4,1
DA:5,1
DA:7,1
DA:8,0
DA:18,1
DA:19,1
DA:22,1
DA:23,1
DA:24,1
DA:25,1
DA:27,0
DA:31,1
DA:32,1
DA:33,1
DA:37,1
DA:39,0
DA:43,1
DA:44,1
DA:45,1
DA:47,1
DA:52,1
DA:53,0
DA:56,1
DA:58,0
DA:62,1
DA:63,1
DA:64,1
DA:66,1
DA:67,0
DA:70,1
DA:75,1
DA:77,0
DA:81,1
LF:35
LH:28
BRDA:52,0,0,0
BRDA:52,0,1,1
BRDA:66,1,0,0
BRDA:66,1,1,1
BRDA:66,2,0,1
BRDA:66,2,1,1
BRDA:72,3,0,1
BRDA:72,3,1,0
BRF:8
BRH:5
end_of_record
TN:
SF:src\database.js
FN:14,runMigrations
FNF:1
FNH:1
FNDA:1,runMigrations
DA:1,1
DA:2,1
DA:4,1
DA:12,1
DA:16,1
DA:17,1
DA:18,1
DA:25,1
DA:27,0
DA:28,0
DA:29,0
DA:30,0
DA:31,0
DA:33,1
DA:37,1
LF:15
LH:10
BRDA:5,0,0,1
BRDA:5,0,1,0
BRDA:6,1,0,1
BRDA:6,1,1,0
BRDA:7,2,0,1
BRDA:7,2,1,0
BRDA:8,3,0,1
BRDA:8,3,1,0
BRDA:9,4,0,1
BRDA:9,4,1,0
BRDA:33,5,0,1
BRDA:33,5,1,0
BRF:12
BRH:6
end_of_record
