TN:
SF:app.js
FN:7,(anonymous_0)
FN:18,(anonymous_1)
FN:22,(anonymous_2)
FN:32,(anonymous_3)
FN:45,(anonymous_4)
FN:65,(anonymous_5)
FNF:6
FNH:5
FNDA:0,(anonymous_0)
FNDA:1,(anonymous_1)
FNDA:1,(anonymous_2)
FNDA:1,(anonymous_3)
FNDA:1,(anonymous_4)
FNDA:1,(anonymous_5)
DA:1,1
DA:2,1
DA:4,1
DA:5,1
DA:7,1
DA:8,0
DA:18,1
DA:19,1
DA:22,1
DA:23,1
DA:24,1
DA:25,1
DA:27,0
DA:28,0
DA:32,1
DA:33,1
DA:34,1
DA:38,1
DA:40,0
DA:41,0
DA:45,1
DA:46,1
DA:47,1
DA:49,1
DA:54,1
DA:55,0
DA:58,1
DA:60,0
DA:61,0
DA:65,1
DA:66,1
DA:67,1
DA:69,1
DA:70,0
DA:73,1
DA:78,1
DA:80,0
DA:81,0
DA:85,1
LF:39
LH:28
BRDA:54,0,0,0
BRDA:54,0,1,1
BRDA:69,1,0,0
BRDA:69,1,1,1
BRDA:69,2,0,1
BRDA:69,2,1,1
BRDA:75,3,0,1
BRDA:75,3,1,0
BRF:8
BRH:5
end_of_record
TN:
SF:src\database.js
FN:16,runMigrations
FNF:1
FNH:1
FNDA:1,runMigrations
DA:1,1
DA:2,1
DA:4,1
DA:12,1
DA:18,1
DA:19,1
DA:20,1
DA:27,1
DA:29,0
DA:30,0
DA:31,0
DA:32,0
DA:33,0
DA:35,1
DA:39,1
LF:15
LH:10
BRDA:5,0,0,1
BRDA:5,0,1,0
BRDA:6,1,0,1
BRDA:6,1,1,0
BRDA:7,2,0,1
BRDA:7,2,1,0
BRDA:8,3,0,1
BRDA:8,3,1,0
BRDA:9,4,0,1
BRDA:9,4,1,0
BRDA:13,5,0,1
BRDA:13,5,1,0
BRDA:13,6,0,1
BRDA:13,6,1,0
BRDA:35,7,0,1
BRDA:35,7,1,0
BRF:16
BRH:8
end_of_record
